# JRE version: OpenJDK Runtime Environment (17.0.2+8) (build 17.0.2+8-86)
# Java VM: OpenJDK 64-Bit Server VM (17.0.2+8-86, mixed mode, sharing, tiered, compressed oops, compressed class ptrs, g1 gc, windows-amd64)
GC Precious Log:
 CPUs: 8 total, 8 available
 Memory: 7103M
 Large Page Support: Disabled
 NUMA Support: Disabled
 Compressed Oops: Enabled (Zero based)
 Heap Region Size: 2M
 Heap Min Capacity: 8M
 Heap Initial Capacity: 112M
 Heap Max Capacity: 3G
 Pre-touch: Disabled
 Parallel Workers: 8
 Concurrent Workers: 2
 Concurrent Refinement Workers: 8
 Periodic GC: Disabled
Heap:
 garbage-first heap   total 479232K, used 231877K [0x0000000740000000, 0x0000000800000000)
  region size 2048K, 25 young (51200K), 7 survivors (14336K)
 Metaspace       used 81816K, committed 82560K, reserved 1122304K
  class space    used 11057K, committed 11392K, reserved 1048576K
GC Heap History (20 events):
Event: 24.351 GC heap before
{Heap before GC invocations=35 (full 0):
 garbage-first heap   total 143360K, used 84193K [0x0000000740000000, 0x0000000800000000)
  region size 2048K, 4 young (8192K), 2 survivors (4096K)
 Metaspace       used 62187K, committed 62784K, reserved 1105920K
  class space    used 8612K, committed 8896K, reserved 1048576K
}
Event: 24.355 GC heap after
{Heap after GC invocations=36 (full 0):
 garbage-first heap   total 143360K, used 59553K [0x0000000740000000, 0x0000000800000000)
  region size 2048K, 2 young (4096K), 2 survivors (4096K)
 Metaspace       used 62187K, committed 62784K, reserved 1105920K
  class space    used 8612K, committed 8896K, reserved 1048576K
}
Event: 25.292 GC heap before
{Heap before GC invocations=36 (full 0):
 garbage-first heap   total 143360K, used 123041K [0x0000000740000000, 0x0000000800000000)
  region size 2048K, 30 young (61440K), 2 survivors (4096K)
 Metaspace       used 64207K, committed 64960K, reserved 1105920K
  class space    used 8947K, committed 9280K, reserved 1048576K
}
Event: 25.302 GC heap after
{Heap after GC invocations=37 (full 0):
 garbage-first heap   total 282624K, used 64630K [0x0000000740000000, 0x0000000800000000)
  region size 2048K, 4 young (8192K), 4 survivors (8192K)
 Metaspace       used 64207K, committed 64960K, reserved 1105920K
  class space    used 8947K, committed 9280K, reserved 1048576K
}
Event: 26.336 GC heap before
{Heap before GC invocations=37 (full 0):
 garbage-first heap   total 282624K, used 156790K [0x0000000740000000, 0x0000000800000000)
  region size 2048K, 18 young (36864K), 4 survivors (8192K)
 Metaspace       used 66047K, committed 66688K, reserved 1114112K
  class space    used 9299K, committed 9600K, reserved 1048576K
}
Event: 26.353 GC heap after
{Heap after GC invocations=38 (full 0):
 garbage-first heap   total 282624K, used 66464K [0x0000000740000000, 0x0000000800000000)
  region size 2048K, 5 young (10240K), 5 survivors (10240K)
 Metaspace       used 66047K, committed 66688K, reserved 1114112K
  class space    used 9299K, committed 9600K, reserved 1048576K
}
Event: 26.837 GC heap before
{Heap before GC invocations=38 (full 0):
 garbage-first heap   total 282624K, used 119712K [0x0000000740000000, 0x0000000800000000)
  region size 2048K, 11 young (22528K), 5 survivors (10240K)
 Metaspace       used 66183K, committed 66880K, reserved 1114112K
  class space    used 9299K, committed 9600K, reserved 1048576K
}
Event: 26.849 GC heap after
{Heap after GC invocations=39 (full 0):
 garbage-first heap   total 282624K, used 67558K [0x0000000740000000, 0x0000000800000000)
  region size 2048K, 6 young (12288K), 6 survivors (12288K)
 Metaspace       used 66183K, committed 66880K, reserved 1114112K
  class space    used 9299K, committed 9600K, reserved 1048576K
}
Event: 26.924 GC heap before
{Heap before GC invocations=39 (full 0):
 garbage-first heap   total 282624K, used 128998K [0x0000000740000000, 0x0000000800000000)
  region size 2048K, 11 young (22528K), 6 survivors (12288K)
 Metaspace       used 66184K, committed 66880K, reserved 1114112K
  class space    used 9299K, committed 9600K, reserved 1048576K
}
Event: 26.935 GC heap after
{Heap after GC invocations=40 (full 0):
 garbage-first heap   total 282624K, used 121065K [0x0000000740000000, 0x0000000800000000)
  region size 2048K, 6 young (12288K), 6 survivors (12288K)
 Metaspace       used 66184K, committed 66880K, reserved 1114112K
  class space    used 9299K, committed 9600K, reserved 1048576K
}
Event: 27.033 GC heap before
{Heap before GC invocations=40 (full 0):
 garbage-first heap   total 282624K, used 139497K [0x0000000740000000, 0x0000000800000000)
  region size 2048K, 9 young (18432K), 6 survivors (12288K)
 Metaspace       used 66188K, committed 66880K, reserved 1114112K
  class space    used 9299K, committed 9600K, reserved 1048576K
}
Event: 27.043 GC heap after
{Heap after GC invocations=41 (full 0):
 garbage-first heap   total 282624K, used 122790K [0x0000000740000000, 0x0000000800000000)
  region size 2048K, 4 young (8192K), 4 survivors (8192K)
 Metaspace       used 66188K, committed 66880K, reserved 1114112K
  class space    used 9299K, committed 9600K, reserved 1048576K
}
Event: 30.847 GC heap before
{Heap before GC invocations=41 (full 0):
 garbage-first heap   total 282624K, used 241574K [0x0000000740000000, 0x0000000800000000)
  region size 2048K, 60 young (122880K), 4 survivors (8192K)
 Metaspace       used 68646K, committed 69440K, reserved 1114112K
  class space    used 9652K, committed 10048K, reserved 1048576K
}
Event: 30.947 GC heap after
{Heap after GC invocations=42 (full 0):
 garbage-first heap   total 479232K, used 87479K [0x0000000740000000, 0x0000000800000000)
  region size 2048K, 8 young (16384K), 8 survivors (16384K)
 Metaspace       used 68646K, committed 69440K, reserved 1114112K
  class space    used 9652K, committed 10048K, reserved 1048576K
}
Event: 38.254 GC heap before
{Heap before GC invocations=42 (full 0):
 garbage-first heap   total 479232K, used 370103K [0x0000000740000000, 0x0000000800000000)
  region size 2048K, 140 young (286720K), 8 survivors (16384K)
 Metaspace       used 77747K, committed 78464K, reserved 1122304K
  class space    used 10676K, committed 11008K, reserved 1048576K
}
Event: 38.488 GC heap after
{Heap after GC invocations=43 (full 0):
 garbage-first heap   total 479232K, used 134219K [0x0000000740000000, 0x0000000800000000)
  region size 2048K, 18 young (36864K), 18 survivors (36864K)
 Metaspace       used 77747K, committed 78464K, reserved 1122304K
  class space    used 10676K, committed 11008K, reserved 1048576K
}
Event: 39.010 GC heap before
{Heap before GC invocations=43 (full 0):
 garbage-first heap   total 479232K, used 142411K [0x0000000740000000, 0x0000000800000000)
  region size 2048K, 22 young (45056K), 18 survivors (36864K)
 Metaspace       used 78716K, committed 79488K, reserved 1122304K
  class space    used 10831K, committed 11200K, reserved 1048576K
}
Event: 39.068 GC heap after
{Heap after GC invocations=44 (full 0):
 garbage-first heap   total 479232K, used 140379K [0x0000000740000000, 0x0000000800000000)
  region size 2048K, 3 young (6144K), 3 survivors (6144K)
 Metaspace       used 78716K, committed 79488K, reserved 1122304K
  class space    used 10831K, committed 11200K, reserved 1048576K
}
Event: 44.748 GC heap before
{Heap before GC invocations=44 (full 0):
 garbage-first heap   total 479232K, used 336987K [0x0000000740000000, 0x0000000800000000)
  region size 2048K, 100 young (204800K), 3 survivors (6144K)
 Metaspace       used 81132K, committed 81856K, reserved 1122304K
  class space    used 11010K, committed 11328K, reserved 1048576K
}
Event: 44.778 GC heap after
{Heap after GC invocations=45 (full 0):
 garbage-first heap   total 479232K, used 149957K [0x0000000740000000, 0x0000000800000000)
  region size 2048K, 7 young (14336K), 7 survivors (14336K)
 Metaspace       used 81132K, committed 81856K, reserved 1122304K
  class space    used 11010K, committed 11328K, reserved 1048576K
}

